<?xml version="1.0" encoding="UTF-8"?>
<!-- Generated by org.testng.reporters.JUnitReportReporter -->
<testsuite hostname="user-PC" failures="0" tests="1" name="com.medsol1.testcases.TC_Admin_created" time="22.826" errors="0" timestamp="2023-04-11T16:45:55 IST" skipped="0">
  <testcase classname="com.medsol1.testcases.TC_Admin_created" name="Admintest" time="22.826"/>
  <system-out/>
</testsuite> <!-- com.medsol1.testcases.TC_Admin_created -->
