<?xml version="1.0" encoding="UTF-8"?>
<!-- Generated by org.testng.reporters.JUnitReportReporter -->
<testsuite hostname="user-PC" failures="0" tests="1" name="com.medsol1.testcases.TC_Admin_delete" time="20.335" errors="0" timestamp="2023-03-02T17:00:54 IST" skipped="0">
  <testcase classname="com.medsol1.testcases.TC_Admin_delete" name="Admindelete" time="20.335"/>
  <system-out/>
</testsuite> <!-- com.medsol1.testcases.TC_Admin_delete -->
