<?xml version="1.0" encoding="UTF-8"?>
<!-- Generated by org.testng.reporters.JUnitReportReporter -->
<testsuite hostname="user-PC" failures="0" tests="1" name="com.medsol1.testcases.TC_Appointments_created" time="27.214" errors="0" timestamp="2023-04-28T14:02:31 IST" skipped="0">
  <testcase classname="com.medsol1.testcases.TC_Appointments_created" name="Appointmentspagetest" time="27.214"/>
  <system-out/>
</testsuite> <!-- com.medsol1.testcases.TC_Appointments_created -->
